2022-03-04 16:21:33,588 [Worker-5: Loading available Gradle versions] INFO  o.e.b.c.i.u.g.PublishedGradleVersions - Gradle version information cache is up-to-date. Trying to read.
2022-03-07 14:27:31,797 [Worker-7: Loading available Gradle versions] INFO  o.e.b.c.i.u.g.PublishedGradleVersions - Gradle version information cache is out-of-date. Trying to update.
2022-03-08 13:28:54,615 [Worker-3: Loading available Gradle versions] INFO  o.e.b.c.i.u.g.PublishedGradleVersions - Gradle version information cache is up-to-date. Trying to read.
2022-03-10 13:31:56,960 [Worker-6: Loading available Gradle versions] INFO  o.e.b.c.i.u.g.PublishedGradleVersions - Gradle version information cache is out-of-date. Trying to update.
2022-03-11 13:56:50,385 [Worker-6: Loading available Gradle versions] INFO  o.e.b.c.i.u.g.PublishedGradleVersions - Gradle version information cache is out-of-date. Trying to update.
2022-03-14 13:34:09,751 [Worker-3: Loading available Gradle versions] INFO  o.e.b.c.i.u.g.PublishedGradleVersions - Gradle version information cache is out-of-date. Trying to update.
2022-03-15 11:52:02,933 [Worker-5: Loading available Gradle versions] INFO  o.e.b.c.i.u.g.PublishedGradleVersions - Gradle version information cache is up-to-date. Trying to read.
2022-03-15 16:29:40,598 [Start Help Server] INFO  org.eclipse.jetty.server.Server - jetty-10.0.6; built: 2021-06-29T15:28:56.259Z; git: 37e7731b4b142a882d73974ff3bec78d621bd674; jvm 17.0.2+8
2022-03-15 16:29:40,617 [Start Help Server] INFO  o.e.j.s.s.DefaultSessionIdManager - Session workerName=node0
2022-03-15 16:29:40,643 [Start Help Server] INFO  o.e.j.server.handler.ContextHandler - Started o.e.j.s.ServletContextHandler@152288bd{/help,null,AVAILABLE}
2022-03-15 16:29:40,657 [Start Help Server] INFO  o.e.jetty.server.AbstractConnector - Started ServerConnector@217e35eb{HTTP/1.1, (http/1.1)}{127.0.0.1:53794}
2022-03-15 16:29:40,659 [Start Help Server] INFO  org.eclipse.jetty.server.Server - Started Server@13c173b6{STARTING}[10.0.6,sto=0] @16713712ms
2022-03-15 16:30:45,118 [Stop Help Server] INFO  org.eclipse.jetty.server.Server - Stopped Server@13c173b6{STOPPING}[10.0.6,sto=0]
2022-03-15 16:30:45,121 [Stop Help Server] INFO  o.e.jetty.server.AbstractConnector - Stopped ServerConnector@217e35eb{HTTP/1.1, (http/1.1)}{127.0.0.1:0}
2022-03-15 16:30:45,125 [Stop Help Server] INFO  o.e.j.server.handler.ContextHandler - Stopped o.e.j.s.ServletContextHandler@152288bd{/help,null,STOPPED}
2022-03-16 13:33:15,189 [Start Help Server] INFO  org.eclipse.jetty.server.Server - jetty-10.0.6; built: 2021-06-29T15:28:56.259Z; git: 37e7731b4b142a882d73974ff3bec78d621bd674; jvm 17.0.2+8
2022-03-16 13:33:15,220 [Start Help Server] INFO  o.e.j.s.s.DefaultSessionIdManager - Session workerName=node0
2022-03-16 13:33:15,267 [Start Help Server] INFO  o.e.j.server.handler.ContextHandler - Started o.e.j.s.ServletContextHandler@4ff4794f{/help,null,AVAILABLE}
2022-03-16 13:33:15,345 [Start Help Server] INFO  o.e.jetty.server.AbstractConnector - Started ServerConnector@2ecca972{HTTP/1.1, (http/1.1)}{127.0.0.1:54782}
2022-03-16 13:33:15,376 [Start Help Server] INFO  org.eclipse.jetty.server.Server - Started Server@5f34abd{STARTING}[10.0.6,sto=0] @414469ms
2022-03-16 13:33:15,952 [Worker-8: Loading available Gradle versions] INFO  o.e.b.c.i.u.g.PublishedGradleVersions - Gradle version information cache is up-to-date. Trying to read.
2022-03-16 16:34:41,221 [Stop Help Server] INFO  org.eclipse.jetty.server.Server - Stopped Server@5f34abd{STOPPING}[10.0.6,sto=0]
2022-03-16 16:34:41,225 [Stop Help Server] INFO  o.e.jetty.server.AbstractConnector - Stopped ServerConnector@2ecca972{HTTP/1.1, (http/1.1)}{127.0.0.1:0}
2022-03-16 16:34:41,232 [Stop Help Server] INFO  o.e.j.server.handler.ContextHandler - Stopped o.e.j.s.ServletContextHandler@4ff4794f{/help,null,STOPPED}
2022-03-17 08:56:57,416 [Worker-5: Loading available Gradle versions] INFO  o.e.b.c.i.u.g.PublishedGradleVersions - Gradle version information cache is out-of-date. Trying to update.
2022-03-18 12:44:36,591 [Worker-7: Loading available Gradle versions] INFO  o.e.b.c.i.u.g.PublishedGradleVersions - Gradle version information cache is out-of-date. Trying to update.
